2025-01-26 09:52:30.851 | INFO     | __main__:<module>:14 - Start logging
2025-01-26 09:52:34.533 | INFO     | __main__:load_data_local:33 - Отображение страницы с формой
2025-01-26 09:52:39.543 | INFO     | __main__:fetch_data_local:38 - Название файла IMG20231106105604.jpg
2025-01-26 10:13:08.471 | INFO     | __main__:<module>:14 - Start logging
2025-01-26 10:13:24.171 | INFO     | __main__:load_data_local:33 - Отображение страницы с формой
2025-01-26 10:13:27.219 | INFO     | __main__:fetch_data_local:38 - Название файла IMG20231106105604.jpg
2025-01-26 10:17:51.545 | INFO     | __main__:<module>:16 - Start logging
2025-01-26 10:35:05.337 | INFO     | __main__:<module>:16 - Start logging
2025-01-26 10:35:38.370 | INFO     | __main__:<module>:16 - Start logging
2025-01-26 10:35:46.507 | INFO     | __main__:load_data_local:35 - Отображение страницы с формой
2025-01-26 10:37:25.394 | INFO     | __main__:<module>:16 - Start logging
2025-01-26 10:37:37.063 | INFO     | __main__:load_data_local:35 - Отображение страницы с формой
2025-01-26 10:39:08.221 | INFO     | __main__:<module>:16 - Start logging
2025-01-26 10:39:08.337 | INFO     | __main__:load_data_local:35 - Отображение страницы с формой
2025-01-26 10:39:34.870 | INFO     | __main__:<module>:16 - Start logging
2025-01-26 10:39:35.189 | INFO     | __main__:load_data_local:35 - Отображение страницы с формой
2025-01-26 10:41:10.010 | INFO     | __main__:<module>:16 - Start logging
2025-01-26 10:41:10.294 | INFO     | __main__:load_data_local:35 - Отображение страницы с формой
2025-01-26 10:41:41.145 | INFO     | __main__:load_data_local:35 - Отображение страницы с формой
2025-01-26 10:43:48.991 | INFO     | __main__:<module>:16 - Start logging
2025-01-26 10:43:50.116 | INFO     | __main__:load_data_local:35 - Отображение страницы с формой
2025-01-26 10:43:52.947 | INFO     | __main__:load_data_local:35 - Отображение страницы с формой
2025-01-26 10:44:37.679 | INFO     | __main__:<module>:16 - Start logging
2025-01-26 10:44:38.572 | INFO     | __main__:load_data_local:35 - Отображение страницы с формой
2025-01-26 10:45:01.962 | INFO     | __main__:<module>:16 - Start logging
2025-01-26 10:45:02.446 | INFO     | __main__:load_data_local:35 - Отображение страницы с формой
2025-01-26 10:46:08.698 | INFO     | __main__:<module>:16 - Start logging
2025-01-26 10:46:30.757 | INFO     | __main__:load_data_local:35 - Отображение страницы с формой
2025-01-26 10:48:05.604 | INFO     | __main__:<module>:16 - Start logging
2025-01-26 10:48:14.650 | INFO     | __main__:load_data_local:35 - Отображение страницы с формой
2025-01-26 10:54:51.232 | INFO     | __main__:<module>:16 - Start logging
2025-01-26 10:55:09.225 | INFO     | __main__:<module>:16 - Start logging
2025-01-26 10:55:11.186 | INFO     | __main__:load_data_local:35 - Отображение страницы с формой
2025-01-26 10:55:18.421 | INFO     | __main__:fetch_data_local:50 - Название файла IMG20231106105604.jpg
2025-01-26 10:55:18.421 | INFO     | __main__:fetch_data_local:51 - Введеное имя 12234
2025-01-26 10:56:54.870 | INFO     | __main__:<module>:16 - Start logging
2025-01-26 10:56:58.031 | INFO     | __main__:load_data_local:35 - Отображение страницы с формой
2025-01-26 10:57:00.266 | INFO     | __main__:load_data_local:35 - Отображение страницы с формой
2025-01-26 10:57:02.897 | INFO     | __main__:load_data_local:35 - Отображение страницы с формой
2025-01-26 10:57:19.856 | INFO     | __main__:fetch_data_local:51 - Название файла abstract-windows-11-green.jpg
2025-01-26 10:57:19.856 | INFO     | __main__:fetch_data_local:52 - Введеное имя ergerg
2025-01-26 10:57:22.189 | INFO     | __main__:fetch_data_local:51 - Название файла 
2025-01-26 10:57:22.189 | INFO     | __main__:fetch_data_local:52 - Введеное имя dfb
2025-01-26 10:58:30.885 | INFO     | __main__:<module>:16 - Start logging
2025-01-26 10:58:36.070 | INFO     | __main__:load_data_local:35 - Отображение страницы с формой
2025-01-26 10:58:41.058 | INFO     | __main__:fetch_data_local:51 - Название файла IMG20231106105604.jpg
2025-01-26 10:58:41.058 | INFO     | __main__:fetch_data_local:52 - Введеное имя hgjg
2025-01-26 11:10:36.799 | INFO     | __main__:<module>:16 - Start logging
2025-01-26 11:10:45.709 | INFO     | __main__:load_data_local:35 - Отображение страницы с формой
2025-01-26 11:10:51.133 | INFO     | __main__:fetch_data_local:51 - Название файла IMG20231106105604.jpg
2025-01-26 11:10:51.133 | INFO     | __main__:fetch_data_local:52 - Введеное имя hgjg
2025-01-26 11:11:08.571 | INFO     | __main__:<module>:16 - Start logging
2025-01-26 11:11:11.626 | INFO     | __main__:load_data_local:35 - Отображение страницы с формой
2025-01-26 11:11:16.524 | INFO     | __main__:load_data_local:35 - Отображение страницы с формой
2025-01-26 11:11:30.199 | INFO     | __main__:<module>:16 - Start logging
2025-01-26 11:11:31.159 | INFO     | __main__:load_data_local:35 - Отображение страницы с формой
2025-01-26 11:14:03.968 | INFO     | __main__:<module>:16 - Start logging
2025-01-26 11:14:11.518 | INFO     | __main__:load_data_local:35 - Отображение страницы с формой
2025-01-26 11:14:14.176 | INFO     | __main__:fetch_data_local:51 - Название файла 
2025-01-26 11:14:14.176 | INFO     | __main__:fetch_data_local:52 - Введеное имя user
2025-01-26 11:14:18.230 | INFO     | __main__:fetch_data_local:51 - Название файла 
2025-01-26 11:14:18.230 | INFO     | __main__:fetch_data_local:52 - Введеное имя sdfwer
2025-01-26 11:20:25.786 | INFO     | __main__:<module>:16 - Start logging
2025-01-26 11:21:09.479 | INFO     | __main__:<module>:16 - Start logging
2025-01-26 11:21:35.805 | INFO     | __main__:<module>:16 - Start logging
2025-01-26 11:21:41.772 | INFO     | __main__:load_data_local:35 - Отображение страницы с формой
2025-01-26 11:22:20.156 | INFO     | __main__:load_data_local:35 - Отображение страницы с формой
2025-01-26 11:24:09.618 | INFO     | __main__:<module>:16 - Start logging
2025-01-26 11:24:16.085 | INFO     | __main__:load_data_local:35 - Отображение страницы с формой
2025-01-26 11:24:52.709 | INFO     | __main__:<module>:16 - Start logging
2025-01-26 11:24:54.760 | INFO     | __main__:load_data_local:35 - Отображение страницы с формой
2025-01-26 11:26:03.666 | INFO     | __main__:<module>:16 - Start logging
2025-01-26 11:26:07.599 | INFO     | __main__:load_data_local:35 - Отображение страницы с формой
2025-01-26 11:26:58.968 | INFO     | __main__:<module>:16 - Start logging
2025-01-26 11:27:01.385 | INFO     | __main__:load_data_local:35 - Отображение страницы с формой
2025-01-26 11:27:02.826 | INFO     | __main__:load_data_local:35 - Отображение страницы с формой
2025-01-26 11:27:44.725 | INFO     | __main__:load_data_local:35 - Отображение страницы с формой
2025-01-26 11:27:46.473 | INFO     | __main__:load_data_local:35 - Отображение страницы с формой
2025-01-26 11:32:11.788 | INFO     | __main__:load_data_local:35 - Отображение страницы с формой
2025-01-26 11:32:13.062 | INFO     | __main__:load_data_local:35 - Отображение страницы с формой
2025-01-26 11:32:18.674 | INFO     | __main__:<module>:16 - Start logging
2025-01-26 11:32:21.644 | INFO     | __main__:load_data_local:35 - Отображение страницы с формой
2025-01-26 11:32:41.391 | INFO     | __main__:load_data_local:35 - Отображение страницы с формой
2025-01-26 11:35:42.737 | INFO     | __main__:<module>:16 - Start logging
2025-01-26 11:35:43.714 | INFO     | __main__:load_data_local:35 - Отображение страницы с формой
2025-01-26 11:36:35.923 | INFO     | __main__:<module>:16 - Start logging
2025-01-26 11:37:03.776 | INFO     | __main__:<module>:16 - Start logging
2025-01-26 11:37:05.223 | INFO     | __main__:load_data_local:35 - Отображение страницы с формой
2025-01-26 11:37:37.948 | INFO     | __main__:<module>:16 - Start logging
2025-01-26 11:37:42.813 | INFO     | __main__:load_data_local:35 - Отображение страницы с формой
2025-01-26 11:38:03.080 | INFO     | __main__:<module>:16 - Start logging
2025-01-26 11:38:07.250 | INFO     | __main__:load_data_local:35 - Отображение страницы с формой
2025-01-26 11:38:40.471 | INFO     | __main__:<module>:16 - Start logging
2025-01-26 11:38:43.318 | INFO     | __main__:load_data_local:35 - Отображение страницы с формой
2025-01-26 11:39:06.533 | INFO     | __main__:<module>:16 - Start logging
2025-01-26 11:39:12.654 | INFO     | __main__:<module>:16 - Start logging
2025-01-26 11:39:13.387 | INFO     | __main__:load_data_local:35 - Отображение страницы с формой
2025-01-26 11:39:25.657 | INFO     | __main__:<module>:16 - Start logging
2025-01-26 11:39:32.425 | INFO     | __main__:load_data_local:35 - Отображение страницы с формой
2025-01-26 11:40:30.744 | INFO     | __main__:<module>:16 - Start logging
2025-01-26 11:40:32.641 | INFO     | __main__:load_data_local:35 - Отображение страницы с формой
2025-01-26 11:40:34.151 | INFO     | __main__:load_data_local:35 - Отображение страницы с формой
2025-01-26 11:41:03.442 | INFO     | __main__:load_data_local:35 - Отображение страницы с формой
2025-01-26 11:42:24.915 | INFO     | __main__:<module>:16 - Start logging
2025-01-26 11:42:26.774 | INFO     | __main__:load_data_local:35 - Отображение страницы с формой
2025-01-26 11:42:43.699 | INFO     | __main__:<module>:16 - Start logging
2025-01-26 11:42:45.099 | INFO     | __main__:load_data_local:35 - Отображение страницы с формой
2025-01-26 11:49:25.393 | INFO     | __main__:<module>:16 - Start logging
2025-01-26 11:49:28.163 | INFO     | __main__:load_data_local:35 - Отображение страницы с формой
2025-01-26 11:49:29.356 | INFO     | __main__:load_data_local:35 - Отображение страницы с формой
2025-01-26 11:55:27.499 | INFO     | __main__:<module>:16 - Start logging
2025-01-26 11:58:49.393 | INFO     | __main__:<module>:16 - Start logging
2025-01-26 11:58:55.054 | INFO     | __main__:load_data_local:35 - Отображение страницы с формой
2025-01-26 12:01:20.504 | INFO     | __main__:<module>:16 - Start logging
2025-01-26 12:01:23.367 | INFO     | __main__:load_data_local:35 - Отображение страницы с формой
2025-01-26 12:01:36.469 | INFO     | __main__:load_data_local:35 - Отображение страницы с формой
2025-01-26 12:01:38.470 | INFO     | __main__:fetch_data_local:56 - Название файла 
2025-01-26 12:01:38.470 | INFO     | __main__:fetch_data_local:57 - Введеное имя 
2025-01-26 12:02:07.077 | INFO     | __main__:<module>:16 - Start logging
2025-01-26 12:02:09.697 | INFO     | __main__:load_data_local:35 - Отображение страницы с формой
2025-01-26 12:02:10.379 | INFO     | __main__:fetch_data_local:56 - Название файла 
2025-01-26 12:02:10.379 | INFO     | __main__:fetch_data_local:57 - Введеное имя 
2025-01-26 12:02:13.466 | INFO     | __main__:fetch_data_local:56 - Название файла 
2025-01-26 12:02:13.466 | INFO     | __main__:fetch_data_local:57 - Введеное имя 
2025-01-26 12:02:17.136 | INFO     | __main__:fetch_data_local:56 - Название файла 
2025-01-26 12:02:17.136 | INFO     | __main__:fetch_data_local:57 - Введеное имя 
2025-01-26 12:02:18.742 | INFO     | __main__:fetch_data_local:56 - Название файла 
2025-01-26 12:02:18.742 | INFO     | __main__:fetch_data_local:57 - Введеное имя 
2025-01-26 12:09:06.580 | INFO     | __main__:<module>:16 - Start logging
2025-01-26 12:13:34.222 | INFO     | __main__:<module>:16 - Start logging
2025-01-26 12:13:37.556 | INFO     | __main__:load_data_local:35 - Отображение страницы с формой
2025-01-26 12:13:38.665 | INFO     | __main__:fetch_data_local:59 - Название файла 
2025-01-26 12:13:38.665 | INFO     | __main__:fetch_data_local:60 - Введеное имя 
2025-01-26 12:13:38.675 | INFO     | __main__:load_data_local:35 - Отображение страницы с формой
2025-01-26 12:14:28.601 | INFO     | __main__:<module>:16 - Start logging
2025-01-26 12:14:31.830 | INFO     | __main__:load_data_local:35 - Отображение страницы с формой
2025-01-26 12:14:33.011 | INFO     | __main__:fetch_data_local:59 - Название файла 
2025-01-26 12:14:33.011 | INFO     | __main__:fetch_data_local:60 - Введеное имя 
2025-01-26 12:14:33.020 | INFO     | __main__:load_data_local:35 - Отображение страницы с формой
